#
# There is insufficient memory for the Java Runtime Environment to continue.
# Native memory allocation (malloc) failed to allocate 2024176 bytes for Chunk::new
# Possible reasons:
#   The system is out of physical RAM or swap space
#   The process is running with CompressedOops enabled, and the Java Heap may be blocking the growth of the native heap
# Possible solutions:
#   Reduce memory load on the system
#   Increase physical memory or swap space
#   Check if swap backing store is full
#   Decrease Java heap size (-Xmx/-Xms)
#   Decrease number of Java threads
#   Decrease Java thread stack sizes (-Xss)
#   Set larger code cache with -XX:ReservedCodeCacheSize=
#   JVM is running with Unscaled Compressed Oops mode in which the Java heap is
#     placed in the first 4GB address space. The Java Heap base address is the
#     maximum limit for the native heap growth. Please use -XX:HeapBaseMinAddress
#     to set the Java Heap base and to place the Java Heap above 4GB virtual address.
# This output file may be truncated or incomplete.
#
#  Out of Memory Error (allocation.cpp:389), pid=12184, tid=0x0000000000003030
#
# JRE version: OpenJDK Runtime Environment (8.0_202-b03) (build 1.8.0_202-release-1483-b03)
# Java VM: OpenJDK 64-Bit Server VM (25.202-b03 mixed mode windows-amd64 compressed oops)
# Failed to write core dump. Minidumps are not enabled by default on client versions of Windows
#

---------------  T H R E A D  ---------------

Current thread (0x0000000018bda800):  JavaThread "C2 CompilerThread0" daemon [_thread_in_native, id=12336, stack(0x00000000194b0000,0x00000000195b0000)]

Stack: [0x00000000194b0000,0x00000000195b0000]
[error occurred during error reporting (printing stack bounds), id 0xc0000005]

Native frames: (J=compiled Java code, j=interpreted, Vv=VM code, C=native code)


Current CompileTask:
C2:2289274 40399 %     4       com.android.tools.r8.ir.regalloc.LinearScanRegisterAllocator::a @ 341 (1738 bytes)


---------------  P R O C E S S  ---------------

Java Threads: ( => current thread )
  0x00000000207db000 JavaThread "WorkerExecutor Queue Thread 7" [_thread_blocked, id=16272, stack(0x0000000036150000,0x0000000036250000)]
  0x00000000207df800 JavaThread "WorkerExecutor Queue Thread 6" [_thread_blocked, id=16016, stack(0x0000000037b70000,0x0000000037c70000)]
  0x00000000207d4800 JavaThread "WorkerExecutor Queue Thread 4" [_thread_blocked, id=15080, stack(0x0000000037970000,0x0000000037a70000)]
  0x00000000207d9800 JavaThread "WorkerExecutor Queue Thread 3" [_thread_blocked, id=13412, stack(0x0000000036650000,0x0000000036750000)]
  0x00000000207d7800 JavaThread "WorkerExecutor Queue" [_thread_blocked, id=15108, stack(0x0000000036050000,0x0000000036150000)]
  0x000000002bd66800 JavaThread "Cache worker for execution history cache (C:\Users\kadar\Desktop\LearningApp-master\.gradle\5.4.1\executionHistory)" [_thread_blocked, id=16024, stack(0x0000000035f50000,0x0000000036050000)]
  0x000000002bd65800 JavaThread "Execution worker for ':' Thread 7" [_thread_blocked, id=1344, stack(0x000000002f270000,0x000000002f370000)]
  0x000000002bd65000 JavaThread "Execution worker for ':' Thread 6" [_thread_blocked, id=9400, stack(0x000000002ef00000,0x000000002f000000)]
  0x000000002bd64000 JavaThread "Execution worker for ':' Thread 5" [_thread_blocked, id=6012, stack(0x000000002e9f0000,0x000000002eaf0000)]
  0x000000002bd63800 JavaThread "Execution worker for ':' Thread 4" [_thread_blocked, id=10888, stack(0x000000002e6f0000,0x000000002e7f0000)]
  0x000000002bd67000 JavaThread "Execution worker for ':' Thread 3" [_thread_blocked, id=15440, stack(0x000000002e3b0000,0x000000002e4b0000)]
  0x000000002bd62800 JavaThread "Execution worker for ':' Thread 2" [_thread_in_Java, id=15192, stack(0x000000002d690000,0x000000002d790000)]
  0x000000002bd5a800 JavaThread "Execution worker for ':'" [_thread_blocked, id=16164, stack(0x000000002d090000,0x000000002d190000)]
  0x000000002bd61000 JavaThread "Cache worker for file content cache (C:\Users\kadar\Desktop\LearningApp-master\.gradle\5.4.1\fileContent)" [_thread_blocked, id=12056, stack(0x000000002ce90000,0x000000002cf90000)]
  0x000000002bd60800 JavaThread "Cache worker for Build Output Cleanup Cache (C:\Users\kadar\Desktop\LearningApp-master\.gradle\buildOutputCleanup)" [_thread_blocked, id=5152, stack(0x000000002c9b0000,0x000000002cab0000)]
  0x000000002bd5f800 JavaThread "pool-30-thread-1" [_thread_blocked, id=8248, stack(0x000000002ab70000,0x000000002ac70000)]
  0x000000002bd5f000 JavaThread "Build operations Thread 8" [_thread_blocked, id=2720, stack(0x00000000298a0000,0x00000000299a0000)]
  0x000000002bd5e000 JavaThread "Build operations Thread 7" [_thread_blocked, id=9180, stack(0x0000000026600000,0x0000000026700000)]
  0x000000002bd58000 JavaThread "Build operations Thread 6" [_thread_blocked, id=7228, stack(0x0000000026500000,0x0000000026600000)]
  0x000000002bd5c800 JavaThread "Build operations Thread 5" [_thread_blocked, id=12040, stack(0x0000000025c00000,0x0000000025d00000)]
  0x0000000033a34000 JavaThread "Build operations Thread 4" [_thread_blocked, id=7020, stack(0x0000000025900000,0x0000000025a00000)]
  0x0000000033a32800 JavaThread "Build operations Thread 3" [_thread_blocked, id=11496, stack(0x0000000025800000,0x0000000025900000)]
  0x0000000033a31000 JavaThread "Build operations Thread 2" [_thread_blocked, id=10180, stack(0x0000000025600000,0x0000000025700000)]
  0x0000000033a2d000 JavaThread "Build operations" [_thread_blocked, id=9156, stack(0x0000000024f00000,0x0000000025000000)]
  0x0000000033a29800 JavaThread "Cache worker for cache directory md-rule (C:\Users\kadar\.gradle\caches\5.4.1\md-rule)" [_thread_blocked, id=2112, stack(0x0000000023fb0000,0x00000000240b0000)]
  0x0000000033a27000 JavaThread "Cache worker for cache directory md-supplier (C:\Users\kadar\.gradle\caches\5.4.1\md-supplier)" [_thread_blocked, id=13316, stack(0x00000000238b0000,0x00000000239b0000)]
  0x0000000033a2e000 JavaThread "Cache worker for file hash cache (C:\Users\kadar\Desktop\LearningApp-master\.gradle\5.4.1\fileHashes)" [_thread_blocked, id=16284, stack(0x00000000237b0000,0x00000000238b0000)]
  0x0000000033a2c800 JavaThread "Thread-431" [_thread_blocked, id=8644, stack(0x0000000022fd0000,0x00000000230d0000)]
  0x0000000033a2b000 JavaThread "Stdin handler" [_thread_blocked, id=1560, stack(0x000000001c4a0000,0x000000001c5a0000)]
  0x0000000033a26800 JavaThread "Asynchronous log dispatcher for DefaultDaemonConnection: socket connection from /127.0.0.1:63669 to /127.0.0.1:49470" [_thread_blocked, id=4228, stack(0x000000001bda0000,0x000000001bea0000)]
  0x0000000033a28000 JavaThread "Cancel handler" [_thread_blocked, id=1520, stack(0x0000000002d20000,0x0000000002e20000)]
  0x0000000033a25800 JavaThread "Handler for socket connection from /127.0.0.1:63669 to /127.0.0.1:49470" [_thread_in_native, id=8000, stack(0x00000000012b0000,0x00000000013b0000)]
  0x00000000208b2000 JavaThread "Daemon worker Thread 8" [_thread_blocked, id=6308, stack(0x000000001bca0000,0x000000001bda0000)]
  0x00000000208b0000 JavaThread "Daemon Thread 8" [_thread_blocked, id=7612, stack(0x00000000011b0000,0x00000000012b0000)]
  0x00000000208bc000 JavaThread "Cache worker for Java compile cache (C:\Users\kadar\.gradle\caches\5.4.1\javaCompile)" [_thread_blocked, id=11684, stack(0x000000002d190000,0x000000002d290000)]
  0x000000001d1e4800 JavaThread "MarlinRenderer Disposer" daemon [_thread_blocked, id=9164, stack(0x000000002cf90000,0x000000002d090000)]
  0x000000001d1de000 JavaThread "Java2D Disposer" daemon [_thread_blocked, id=9200, stack(0x000000002ccb0000,0x000000002cdb0000)]
  0x00000000207de000 JavaThread "Cache worker for file content cache (C:\Users\kadar\.gradle\caches\5.4.1\fileContent)" [_thread_blocked, id=7404, stack(0x0000000026200000,0x0000000026300000)]
  0x000000001d753800 JavaThread "Memory manager" [_thread_blocked, id=14556, stack(0x00000000242b0000,0x00000000243b0000)]
  0x000000001d74c000 JavaThread "Cache worker for execution history cache (C:\Users\kadar\.gradle\caches\5.4.1\executionHistory)" [_thread_blocked, id=8896, stack(0x0000000022820000,0x0000000022920000)]
  0x000000001aa52000 JavaThread "Cache worker for journal cache (C:\Users\kadar\.gradle\caches\journal-1)" [_thread_blocked, id=13968, stack(0x000000001c7a0000,0x000000001c8a0000)]
  0x000000001aa55000 JavaThread "File lock request listener" [_thread_in_native, id=15372, stack(0x000000001c6a0000,0x000000001c7a0000)]
  0x000000001aa4e800 JavaThread "Cache worker for file hash cache (C:\Users\kadar\.gradle\caches\5.4.1\fileHashes)" [_thread_blocked, id=13356, stack(0x000000001c5a0000,0x000000001c6a0000)]
  0x000000001a725000 JavaThread "Daemon periodic checks" [_thread_blocked, id=14528, stack(0x000000001bba0000,0x000000001bca0000)]
  0x0000000018ce8800 JavaThread "Incoming local TCP Connector on port 63669" [_thread_in_native, id=8064, stack(0x000000001b960000,0x000000001ba60000)]
  0x000000001ab3d800 JavaThread "Daemon health stats" [_thread_blocked, id=14196, stack(0x000000001b320000,0x000000001b420000)]
  0x0000000018c76000 JavaThread "Service Thread" daemon [_thread_blocked, id=13284, stack(0x00000000198b0000,0x00000000199b0000)]
  0x0000000018bf0000 JavaThread "C1 CompilerThread3" daemon [_thread_blocked, id=248, stack(0x00000000197b0000,0x00000000198b0000)]
  0x0000000018be3000 JavaThread "C2 CompilerThread2" daemon [_thread_in_native, id=13440, stack(0x00000000196b0000,0x00000000197b0000)]
  0x0000000018bde800 JavaThread "C2 CompilerThread1" daemon [_thread_in_native, id=12744, stack(0x00000000195b0000,0x00000000196b0000)]
=>0x0000000018bda800 JavaThread "C2 CompilerThread0" daemon [_thread_in_native, id=12336, stack(0x00000000194b0000,0x00000000195b0000)]
  0x0000000018bd8000 JavaThread "Attach Listener" daemon [_thread_blocked, id=9344, stack(0x00000000193b0000,0x00000000194b0000)]
  0x0000000018be4000 JavaThread "Signal Dispatcher" daemon [_thread_blocked, id=4784, stack(0x00000000192b0000,0x00000000193b0000)]
  0x000000000301b800 JavaThread "Finalizer" daemon [_thread_blocked, id=8408, stack(0x00000000190b0000,0x00000000191b0000)]
  0x0000000018bd0800 JavaThread "Reference Handler" daemon [_thread_blocked, id=13112, stack(0x0000000018fb0000,0x00000000190b0000)]
  0x0000000002d1e000 JavaThread "main" [_thread_blocked, id=3696, stack(0x0000000002e20000,0x0000000002f20000)]

Other Threads:
  0x0000000016dd6800 VMThread [stack: 0x0000000018ab0000,0x0000000018bb0000] [id=8380]
  0x0000000018c51000 WatcherThread [stack: 0x00000000199b0000,0x0000000019ab0000] [id=7740]

VM state:not at safepoint (normal execution)

VM Mutex/Monitor currently owned by a thread: None

heap address: 0x00000000a0000000, size: 1536 MB, Compressed Oops mode: 32-bit
Narrow klass base: 0x0000000000000000, Narrow klass shift: 3
Compressed class space size: 1073741824 Address: 0x0000000100000000

Heap:
 PSYoungGen      total 476160K, used 242010K [0x00000000e0000000, 0x00000000ffb80000, 0x0000000100000000)
  eden space 435200K, 52% used [0x00000000e0000000,0x00000000ee12e740,0x00000000fa900000)
  from space 40960K, 27% used [0x00000000fa900000,0x00000000fb4281d8,0x00000000fd100000)
  to   space 39424K, 0% used [0x00000000fd500000,0x00000000fd500000,0x00000000ffb80000)
 ParOldGen       total 355840K, used 169016K [0x00000000a0000000, 0x00000000b5b80000, 0x00000000e0000000)
  object space 355840K, 47% used [0x00000000a0000000,0x00000000aa50e2a8,0x00000000b5b80000)
 Metaspace       used 174800K, capacity 184738K, committed 190296K, reserved 1214464K
  class space    used 21733K, capacity 23457K, committed 24448K, reserved 1048576K

Card table byte_map: [0x00000000123e0000,0x00000000126f0000] byte_map_base: 0x0000000011ee0000

Marking Bits: (ParMarkBitMap*) 0x000000005a3d9f30
 Begin Bits: [0x00000000130f0000, 0x00000000148f0000)
 End Bits:   [0x00000000148f0000, 0x00000000160f0000)

Polling page: 0x0000000000fc0000

CodeCache: size=245760Kb used=116427Kb max_used=116809Kb free=129332Kb
 bounds [0x0000000003020000, 0x000000000a2f0000, 0x0000000012020000]
 total_blobs=31234 nmethods=30202 adapters=943
 compilation: enabled

Compilation events (10 events):
Event: 2289.164 Thread 0x0000000018be3000 nmethod 40561 0x0000000008c4dc50 code [0x0000000008c4dd80, 0x0000000008c4ddf8]
Event: 2289.164 Thread 0x0000000018be3000 40568       4       com.android.tools.r8.dex.c::a (65 bytes)
Event: 2289.177 Thread 0x0000000018bf0000 40574   !   3       com.android.builder.dexing.JarClassFileInput::entries (167 bytes)
Event: 2289.181 Thread 0x0000000018bf0000 nmethod 40574 0x0000000009f9fd10 code [0x0000000009fa01a0, 0x0000000009fa2e98]
Event: 2289.195 Thread 0x0000000018bf0000 40576       3       com.android.tools.r8.graph.DexAnnotation::a (43 bytes)
Event: 2289.196 Thread 0x0000000018bf0000 nmethod 40576 0x0000000009facfd0 code [0x0000000009fad1a0, 0x0000000009fada08]
Event: 2289.207 Thread 0x0000000018bf0000 40582       1       com.android.tools.r8.n.a.a.a.g.Q::size (5 bytes)
Event: 2289.208 Thread 0x0000000018bf0000 nmethod 40582 0x0000000009740790 code [0x00000000097408e0, 0x00000000097409f0]
Event: 2289.227 Thread 0x0000000018be3000 nmethod 40568 0x0000000007583890 code [0x0000000007583b40, 0x0000000007585b70]
Event: 2289.227 Thread 0x0000000018be3000 40575       4       com.android.tools.r8.graph.y::a (536 bytes)

GC Heap History (10 events):
Event: 2285.463 GC heap before
{Heap before GC invocations=89 (full 7):
 PSYoungGen      total 466944K, used 434298K [0x00000000e0000000, 0x00000000ff880000, 0x0000000100000000)
  eden space 417280K, 100% used [0x00000000e0000000,0x00000000f9780000,0x00000000f9780000)
  from space 49664K, 34% used [0x00000000f9780000,0x00000000fa81eb70,0x00000000fc800000)
  to   space 46592K, 0% used [0x00000000fcb00000,0x00000000fcb00000,0x00000000ff880000)
 ParOldGen       total 376832K, used 349101K [0x00000000a0000000, 0x00000000b7000000, 0x00000000e0000000)
  object space 376832K, 92% used [0x00000000a0000000,0x00000000b54eb708,0x00000000b7000000)
 Metaspace       used 177747K, capacity 190036K, committed 190296K, reserved 1214464K
  class space    used 22275K, capacity 24380K, committed 24448K, reserved 1048576K
Event: 2285.498 GC heap after
Heap after GC invocations=89 (full 7):
 PSYoungGen      total 472064K, used 12537K [0x00000000e0000000, 0x00000000ff900000, 0x0000000100000000)
  eden space 425472K, 0% used [0x00000000e0000000,0x00000000e0000000,0x00000000f9f80000)
  from space 46592K, 26% used [0x00000000fcb00000,0x00000000fd73e7d8,0x00000000ff880000)
  to   space 44544K, 0% used [0x00000000f9f80000,0x00000000f9f80000,0x00000000fcb00000)
 ParOldGen       total 376832K, used 364661K [0x00000000a0000000, 0x00000000b7000000, 0x00000000e0000000)
  object space 376832K, 96% used [0x00000000a0000000,0x00000000b641d7e8,0x00000000b7000000)
 Metaspace       used 177747K, capacity 190036K, committed 190296K, reserved 1214464K
  class space    used 22275K, capacity 24380K, committed 24448K, reserved 1048576K
}
Event: 2285.498 GC heap before
{Heap before GC invocations=90 (full 8):
 PSYoungGen      total 472064K, used 12537K [0x00000000e0000000, 0x00000000ff900000, 0x0000000100000000)
  eden space 425472K, 0% used [0x00000000e0000000,0x00000000e0000000,0x00000000f9f80000)
  from space 46592K, 26% used [0x00000000fcb00000,0x00000000fd73e7d8,0x00000000ff880000)
  to   space 44544K, 0% used [0x00000000f9f80000,0x00000000f9f80000,0x00000000fcb00000)
 ParOldGen       total 376832K, used 364661K [0x00000000a0000000, 0x00000000b7000000, 0x00000000e0000000)
  object space 376832K, 96% used [0x00000000a0000000,0x00000000b641d7e8,0x00000000b7000000)
 Metaspace       used 177747K, capacity 190036K, committed 190296K, reserved 1214464K
  class space    used 22275K, capacity 24380K, committed 24448K, reserved 1048576K
Event: 2286.021 GC heap after
Heap after GC invocations=90 (full 8):
 PSYoungGen      total 472064K, used 0K [0x00000000e0000000, 0x00000000ff900000, 0x0000000100000000)
  eden space 425472K, 0% used [0x00000000e0000000,0x00000000e0000000,0x00000000f9f80000)
  from space 46592K, 0% used [0x00000000fcb00000,0x00000000fcb00000,0x00000000ff880000)
  to   space 44544K, 0% used [0x00000000f9f80000,0x00000000f9f80000,0x00000000fcb00000)
 ParOldGen       total 355840K, used 150834K [0x00000000a0000000, 0x00000000b5b80000, 0x00000000e0000000)
  object space 355840K, 42% used [0x00000000a0000000,0x00000000a934ca20,0x00000000b5b80000)
 Metaspace       used 174755K, capacity 184668K, committed 190296K, reserved 1214464K
  class space    used 21732K, capacity 23456K, committed 24448K, reserved 1048576K
}
Event: 2286.641 GC heap before
{Heap before GC invocations=91 (full 8):
 PSYoungGen      total 472064K, used 425472K [0x00000000e0000000, 0x00000000ff900000, 0x0000000100000000)
  eden space 425472K, 100% used [0x00000000e0000000,0x00000000f9f80000,0x00000000f9f80000)
  from space 46592K, 0% used [0x00000000fcb00000,0x00000000fcb00000,0x00000000ff880000)
  to   space 44544K, 0% used [0x00000000f9f80000,0x00000000f9f80000,0x00000000fcb00000)
 ParOldGen       total 355840K, used 150834K [0x00000000a0000000, 0x00000000b5b80000, 0x00000000e0000000)
  object space 355840K, 42% used [0x00000000a0000000,0x00000000a934ca20,0x00000000b5b80000)
 Metaspace       used 174764K, capacity 184732K, committed 190296K, reserved 1214464K
  class space    used 21732K, capacity 23456K, committed 24448K, reserved 1048576K
Event: 2286.662 GC heap after
Heap after GC invocations=91 (full 8):
 PSYoungGen      total 470016K, used 11218K [0x00000000e0000000, 0x00000000ffb00000, 0x0000000100000000)
  eden space 425472K, 0% used [0x00000000e0000000,0x00000000e0000000,0x00000000f9f80000)
  from space 44544K, 25% used [0x00000000f9f80000,0x00000000faa74818,0x00000000fcb00000)
  to   space 43008K, 0% used [0x00000000fd100000,0x00000000fd100000,0x00000000ffb00000)
 ParOldGen       total 355840K, used 150834K [0x00000000a0000000, 0x00000000b5b80000, 0x00000000e0000000)
  object space 355840K, 42% used [0x00000000a0000000,0x00000000a934ca20,0x00000000b5b80000)
 Metaspace       used 174764K, capacity 184732K, committed 190296K, reserved 1214464K
  class space    used 21732K, capacity 23456K, committed 24448K, reserved 1048576K
}
Event: 2287.373 GC heap before
{Heap before GC invocations=92 (full 8):
 PSYoungGen      total 470016K, used 436690K [0x00000000e0000000, 0x00000000ffb00000, 0x0000000100000000)
  eden space 425472K, 100% used [0x00000000e0000000,0x00000000f9f80000,0x00000000f9f80000)
  from space 44544K, 25% used [0x00000000f9f80000,0x00000000faa74818,0x00000000fcb00000)
  to   space 43008K, 0% used [0x00000000fd100000,0x00000000fd100000,0x00000000ffb00000)
 ParOldGen       total 355840K, used 150834K [0x00000000a0000000, 0x00000000b5b80000, 0x00000000e0000000)
  object space 355840K, 42% used [0x00000000a0000000,0x00000000a934ca20,0x00000000b5b80000)
 Metaspace       used 174770K, capacity 184738K, committed 190296K, reserved 1214464K
  class space    used 21733K, capacity 23457K, committed 24448K, reserved 1048576K
Event: 2287.392 GC heap after
Heap after GC invocations=92 (full 8):
 PSYoungGen      total 477696K, used 14180K [0x00000000e0000000, 0x00000000ffa80000, 0x0000000100000000)
  eden space 435200K, 0% used [0x00000000e0000000,0x00000000e0000000,0x00000000fa900000)
  from space 42496K, 33% used [0x00000000fd100000,0x00000000fded92f0,0x00000000ffa80000)
  to   space 40960K, 0% used [0x00000000fa900000,0x00000000fa900000,0x00000000fd100000)
 ParOldGen       total 355840K, used 160396K [0x00000000a0000000, 0x00000000b5b80000, 0x00000000e0000000)
  object space 355840K, 45% used [0x00000000a0000000,0x00000000a9ca3228,0x00000000b5b80000)
 Metaspace       used 174770K, capacity 184738K, committed 190296K, reserved 1214464K
  class space    used 21733K, capacity 23457K, committed 24448K, reserved 1048576K
}
Event: 2288.233 GC heap before
{Heap before GC invocations=93 (full 8):
 PSYoungGen      total 477696K, used 449380K [0x00000000e0000000, 0x00000000ffa80000, 0x0000000100000000)
  eden space 435200K, 100% used [0x00000000e0000000,0x00000000fa900000,0x00000000fa900000)
  from space 42496K, 33% used [0x00000000fd100000,0x00000000fded92f0,0x00000000ffa80000)
  to   space 40960K, 0% used [0x00000000fa900000,0x00000000fa900000,0x00000000fd100000)
 ParOldGen       total 355840K, used 160396K [0x00000000a0000000, 0x00000000b5b80000, 0x00000000e0000000)
  object space 355840K, 45% used [0x00000000a0000000,0x00000000a9ca3228,0x00000000b5b80000)
 Metaspace       used 174796K, capacity 184738K, committed 190296K, reserved 1214464K
  class space    used 21733K, capacity 23457K, committed 24448K, reserved 1048576K
Event: 2288.256 GC heap after
Heap after GC invocations=93 (full 8):
 PSYoungGen      total 476160K, used 11424K [0x00000000e0000000, 0x00000000ffb80000, 0x0000000100000000)
  eden space 435200K, 0% used [0x00000000e0000000,0x00000000e0000000,0x00000000fa900000)
  from space 40960K, 27% used [0x00000000fa900000,0x00000000fb4281d8,0x00000000fd100000)
  to   space 39424K, 0% used [0x00000000fd500000,0x00000000fd500000,0x00000000ffb80000)
 ParOldGen       total 355840K, used 169016K [0x00000000a0000000, 0x00000000b5b80000, 0x00000000e0000000)
  object space 355840K, 47% used [0x00000000a0000000,0x00000000aa50e2a8,0x00000000b5b80000)
 Metaspace       used 174796K, capacity 184738K, committed 190296K, reserved 1214464K
  class space    used 21733K, capacity 23457K, committed 24448K, reserved 1048576K
}

Deoptimization events (10 events):
Event: 2285.065 Thread 0x000000002bd64000 Uncommon trap: reason=array_check action=maybe_recompile pc=0x00000000082c2d6c method=com.android.tools.r8.m.a.a.b.d0.a([Ljava/lang/Object;I)I @ 27
Event: 2285.068 Thread 0x000000002bd64000 Uncommon trap: reason=array_check action=maybe_recompile pc=0x00000000082c2d6c method=com.android.tools.r8.m.a.a.b.d0.a([Ljava/lang/Object;I)I @ 27
Event: 2285.068 Thread 0x000000002bd64000 Uncommon trap: reason=array_check action=maybe_recompile pc=0x00000000082c2d6c method=com.android.tools.r8.m.a.a.b.d0.a([Ljava/lang/Object;I)I @ 27
Event: 2286.244 Thread 0x00000000207df800 Uncommon trap: reason=array_check action=maybe_recompile pc=0x000000000929291c method=java.util.TimSort.mergeHi(IIII)V @ 171
Event: 2286.245 Thread 0x00000000207df800 Uncommon trap: reason=array_check action=maybe_recompile pc=0x000000000929291c method=java.util.TimSort.mergeHi(IIII)V @ 171
Event: 2286.295 Thread 0x00000000208b2000 Uncommon trap: reason=class_check action=maybe_recompile pc=0x00000000087a5154 method=com.android.tools.r8.ir.analysis.g.e.b(Lcom/android/tools/r8/ir/code/Instruction;)V @ 376
Event: 2287.040 Thread 0x0000000033a2c800 Uncommon trap: reason=unstable_if action=reinterpret pc=0x000000000658287c method=java.io.ObjectStreamClass.processQueue(Ljava/lang/ref/ReferenceQueue;Ljava/util/concurrent/ConcurrentMap;)V @ 6
Event: 2287.208 Thread 0x000000002bd67000 Uncommon trap: reason=unstable_if action=reinterpret pc=0x00000000078f9f20 method=sun.util.locale.provider.LocaleResources.removeEmptyReferences()V @ 9
Event: 2288.776 Thread 0x000000002bd62800 Uncommon trap: reason=predicate action=maybe_recompile pc=0x0000000009e7f6f0 method=com.android.tools.r8.m.a.a.b.l2.a(I[Ljava/util/Map$Entry;)Lcom/android/tools/r8/m/a/a/b/l2; @ 59
Event: 2288.874 Thread 0x000000002bd62800 Uncommon trap: reason=unstable_if action=reinterpret pc=0x00000000091865ac method=com.android.tools.r8.ir.conversion.X.a(I[Lcom/android/tools/r8/ir/conversion/P;Lcom/android/tools/r8/m/a/a/b/d0;)Z @ 502

Classes redefined (0 events):
No events

Internal exceptions (10 events):
Event: 2287.031 Thread 0x00000000207df800 Exception <a 'sun/nio/fs/WindowsException'> (0x00000000ed84e150) thrown at [D:\src\AOSP-openjdk-cygwin\jdk8u\hotspot\src\share\vm\prims\jni.cpp, line 710]
Event: 2287.033 Thread 0x00000000207df800 Exception <a 'sun/nio/fs/WindowsException'> (0x00000000ed854900) thrown at [D:\src\AOSP-openjdk-cygwin\jdk8u\hotspot\src\share\vm\prims\jni.cpp, line 710]
Event: 2287.035 Thread 0x00000000207df800 Exception <a 'sun/nio/fs/WindowsException'> (0x00000000ed85bec8) thrown at [D:\src\AOSP-openjdk-cygwin\jdk8u\hotspot\src\share\vm\prims\jni.cpp, line 710]
Event: 2287.037 Thread 0x00000000207df800 Exception <a 'sun/nio/fs/WindowsException'> (0x00000000ed864d20) thrown at [D:\src\AOSP-openjdk-cygwin\jdk8u\hotspot\src\share\vm\prims\jni.cpp, line 710]
Event: 2287.317 Thread 0x00000000207d4800 Exception <a 'sun/nio/fs/WindowsException'> (0x00000000f776c540) thrown at [D:\src\AOSP-openjdk-cygwin\jdk8u\hotspot\src\share\vm\prims\jni.cpp, line 710]
Event: 2287.512 Thread 0x00000000207d6000 Exception <a 'sun/nio/fs/WindowsException'> (0x00000000e53b5300) thrown at [D:\src\AOSP-openjdk-cygwin\jdk8u\hotspot\src\share\vm\prims\jni.cpp, line 710]
Event: 2287.616 Thread 0x000000002bd64000 Exception <a 'sun/nio/fs/WindowsException'> (0x00000000e859f3f0) thrown at [D:\src\AOSP-openjdk-cygwin\jdk8u\hotspot\src\share\vm\prims\jni.cpp, line 710]
Event: 2288.323 Thread 0x00000000208b2000 Exception <a 'sun/nio/fs/WindowsException'> (0x00000000e110c758) thrown at [D:\src\AOSP-openjdk-cygwin\jdk8u\hotspot\src\share\vm\prims\jni.cpp, line 710]
Event: 2289.159 Thread 0x000000002bd62800 Exception <a 'sun/nio/fs/WindowsException'> (0x00000000ec8f24d8) thrown at [D:\src\AOSP-openjdk-cygwin\jdk8u\hotspot\src\share\vm\prims\jni.cpp, line 710]
Event: 2289.192 Thread 0x000000002bd62800 Exception <a 'sun/nio/fs/WindowsException'> (0x00000000ecbd3d40) thrown at [D:\src\AOSP-openjdk-cygwin\jdk8u\hotspot\src\share\vm\prims\jni.cpp, line 710]

Events (10 events):
Event: 2288.874 Thread 0x000000002bd62800 DEOPT PACKING pc=0x00000000091865ac sp=0x000000002d78bf90
Event: 2288.874 Thread 0x000000002bd62800 DEOPT UNPACKING pc=0x000000000306557b sp=0x000000002d78bf90 mode 2
Event: 2288.886 Thread 0x000000002bd62800 DEOPT PACKING pc=0x00000000095d4550 sp=0x000000002d78bf20
Event: 2288.886 Thread 0x000000002bd62800 DEOPT UNPACKING pc=0x00000000030675d0 sp=0x000000002d78bd08 mode 0
Event: 2288.906 Executing VM operation: RevokeBias
Event: 2288.906 Executing VM operation: RevokeBias done
Event: 2288.906 Thread 0x000000002bd62800 DEOPT PACKING pc=0x0000000005e681d9 sp=0x000000002d78d170
Event: 2288.906 Thread 0x000000002bd62800 DEOPT UNPACKING pc=0x00000000030675d0 sp=0x000000002d78cf58 mode 0
Event: 2289.265 Thread 0x000000002bd62800 DEOPT PACKING pc=0x0000000003555e1a sp=0x000000002d78a650
Event: 2289.265 Thread 0x000000002bd62800 DEOPT UNPACKING pc=0x00000000030675d0 sp=0x000000002d78a420 mode 0


Dynamic libraries:
0x00007ff6e94a0000 - 0x00007ff6e94d1000 	C:\Program Files\Android\Android Studio\jre\bin\java.exe
0x00007ffb44360000 - 0x00007ffb44550000 	C:\WINDOWS\SYSTEM32\ntdll.dll
0x00007ffb44260000 - 0x00007ffb44312000 	C:\WINDOWS\System32\KERNEL32.DLL
0x00007ffb41900000 - 0x00007ffb41ba3000 	C:\WINDOWS\System32\KERNELBASE.dll
0x00007ffb42490000 - 0x00007ffb42533000 	C:\WINDOWS\System32\ADVAPI32.dll
0x00007ffb43b60000 - 0x00007ffb43bfe000 	C:\WINDOWS\System32\msvcrt.dll
0x00007ffb43580000 - 0x00007ffb43617000 	C:\WINDOWS\System32\sechost.dll
0x00007ffb43d50000 - 0x00007ffb43e70000 	C:\WINDOWS\System32\RPCRT4.dll
0x00007ffb440c0000 - 0x00007ffb44254000 	C:\WINDOWS\System32\USER32.dll
0x00007ffb41590000 - 0x00007ffb415b1000 	C:\WINDOWS\System32\win32u.dll
0x00007ffb43b10000 - 0x00007ffb43b36000 	C:\WINDOWS\System32\GDI32.dll
0x00007ffb416e0000 - 0x00007ffb41874000 	C:\WINDOWS\System32\gdi32full.dll
0x00007ffb412f0000 - 0x00007ffb4138e000 	C:\WINDOWS\System32\msvcp_win.dll
0x00007ffb415e0000 - 0x00007ffb416da000 	C:\WINDOWS\System32\ucrtbase.dll
0x00007ffb35760000 - 0x00007ffb359e5000 	C:\WINDOWS\WinSxS\amd64_microsoft.windows.common-controls_6595b64144ccf1df_6.0.18362.657_none_e6c5b579130e3898\COMCTL32.dll
0x00007ffb42f00000 - 0x00007ffb43236000 	C:\WINDOWS\System32\combase.dll
0x00007ffb41880000 - 0x00007ffb41900000 	C:\WINDOWS\System32\bcryptPrimitives.dll
0x00007ffb44090000 - 0x00007ffb440be000 	C:\WINDOWS\System32\IMM32.DLL
0x000000005a660000 - 0x000000005a732000 	C:\Program Files\Android\Android Studio\jre\jre\bin\msvcr100.dll
0x0000000059c10000 - 0x000000005a456000 	C:\Program Files\Android\Android Studio\jre\jre\bin\server\jvm.dll
0x00007ffb42410000 - 0x00007ffb42418000 	C:\WINDOWS\System32\PSAPI.DLL
0x00007ffb3ebc0000 - 0x00007ffb3ebe4000 	C:\WINDOWS\SYSTEM32\WINMM.dll
0x00007ffb3fe40000 - 0x00007ffb3fe49000 	C:\WINDOWS\SYSTEM32\WSOCK32.dll
0x00007ffb42420000 - 0x00007ffb4248f000 	C:\WINDOWS\System32\WS2_32.dll
0x00007ffb3eb90000 - 0x00007ffb3ebbd000 	C:\WINDOWS\SYSTEM32\WINMMBASE.dll
0x00007ffb41540000 - 0x00007ffb4158a000 	C:\WINDOWS\System32\cfgmgr32.dll
0x00007ffb3fd50000 - 0x00007ffb3fd5a000 	C:\WINDOWS\SYSTEM32\VERSION.dll
0x00007ffb3a920000 - 0x00007ffb3a92f000 	C:\Program Files\Android\Android Studio\jre\jre\bin\verify.dll
0x00007ffb3a8f0000 - 0x00007ffb3a919000 	C:\Program Files\Android\Android Studio\jre\jre\bin\java.dll
0x00007ffb36b20000 - 0x00007ffb36b36000 	C:\Program Files\Android\Android Studio\jre\jre\bin\zip.dll
0x00007ffb42810000 - 0x00007ffb42ef5000 	C:\WINDOWS\System32\SHELL32.dll
0x00007ffb43240000 - 0x00007ffb432e9000 	C:\WINDOWS\System32\shcore.dll
0x00007ffb41c90000 - 0x00007ffb4240f000 	C:\WINDOWS\System32\windows.storage.dll
0x00007ffb41240000 - 0x00007ffb4125f000 	C:\WINDOWS\System32\profapi.dll
0x00007ffb41280000 - 0x00007ffb412ca000 	C:\WINDOWS\System32\powrprof.dll
0x00007ffb41230000 - 0x00007ffb41240000 	C:\WINDOWS\System32\UMPDC.dll
0x00007ffb427b0000 - 0x00007ffb42802000 	C:\WINDOWS\System32\shlwapi.dll
0x00007ffb41260000 - 0x00007ffb41271000 	C:\WINDOWS\System32\kernel.appcore.dll
0x00007ffb415c0000 - 0x00007ffb415d7000 	C:\WINDOWS\System32\cryptsp.dll
0x00007ffb368f0000 - 0x00007ffb3690a000 	C:\Program Files\Android\Android Studio\jre\jre\bin\net.dll
0x00007ffb22380000 - 0x00007ffb22396000 	C:\WINDOWS\system32\PrxerDrv.dll
0x00007ffb40aa0000 - 0x00007ffb40b07000 	C:\WINDOWS\system32\mswsock.dll
0x00007ffb30f20000 - 0x00007ffb30f31000 	C:\Program Files\Android\Android Studio\jre\jre\bin\nio.dll
0x00007ffb2b7e0000 - 0x00007ffb2b806000 	C:\Users\kadar\.gradle\native\29\windows-amd64\native-platform.dll
0x00007ffb3a8b0000 - 0x00007ffb3a8bd000 	C:\Program Files\Android\Android Studio\jre\jre\bin\management.dll
0x00007ffb405b0000 - 0x00007ffb405e3000 	C:\WINDOWS\system32\rsaenh.dll
0x00007ffb41bb0000 - 0x00007ffb41bd6000 	C:\WINDOWS\System32\bcrypt.dll
0x00007ffb41150000 - 0x00007ffb41175000 	C:\WINDOWS\SYSTEM32\USERENV.dll
0x00007ffb40c70000 - 0x00007ffb40c7c000 	C:\WINDOWS\SYSTEM32\CRYPTBASE.dll
0x00007ffb407b0000 - 0x00007ffb407ea000 	C:\WINDOWS\SYSTEM32\IPHLPAPI.DLL
0x00007ffb425f0000 - 0x00007ffb425f8000 	C:\WINDOWS\System32\NSI.dll
0x00007ffb38590000 - 0x00007ffb385a6000 	C:\WINDOWS\SYSTEM32\dhcpcsvc6.DLL
0x00007ffb3abb0000 - 0x00007ffb3abcc000 	C:\WINDOWS\SYSTEM32\dhcpcsvc.DLL
0x00007ffb407f0000 - 0x00007ffb408ba000 	C:\WINDOWS\SYSTEM32\DNSAPI.dll
0x00007ffb250b0000 - 0x00007ffb250d4000 	C:\Program Files\Android\Android Studio\jre\jre\bin\sunec.dll
0x00007ffb22960000 - 0x00007ffb22972000 	C:\WINDOWS\system32\PrxerNsp.dll
0x00007ffb34000000 - 0x00007ffb3400a000 	C:\Windows\System32\rasadhlp.dll
0x00007ffb38330000 - 0x00007ffb383a7000 	C:\WINDOWS\System32\fwpuclnt.dll
0x00007ffb368e0000 - 0x00007ffb368eb000 	C:\Program Files\Android\Android Studio\jre\jre\bin\sunmscapi.dll
0x00007ffb41390000 - 0x00007ffb414d9000 	C:\WINDOWS\System32\CRYPT32.dll
0x00007ffb412d0000 - 0x00007ffb412e2000 	C:\WINDOWS\System32\MSASN1.dll
0x00007ffb0ce90000 - 0x00007ffb0d02c000 	C:\Program Files\Android\Android Studio\jre\jre\bin\awt.dll
0x00007ffb43c00000 - 0x00007ffb43cc4000 	C:\WINDOWS\System32\OLEAUT32.dll
0x00007ffb3f830000 - 0x00007ffb3f85d000 	C:\WINDOWS\SYSTEM32\dwmapi.dll
0x00007ffb3dd20000 - 0x00007ffb3e2e0000 	C:\WINDOWS\SYSTEM32\d2d1.dll
0x00007ffb3f310000 - 0x00007ffb3f39f000 	C:\WINDOWS\SYSTEM32\apphelp.dll
0x00007ffb3f410000 - 0x00007ffb3f4a9000 	C:\WINDOWS\system32\uxtheme.dll
0x00007ffb40290000 - 0x00007ffb402c1000 	C:\WINDOWS\SYSTEM32\ntmarta.dll

VM Arguments:
jvm_args: -Xmx1536m -Dfile.encoding=windows-1252 -Duser.country=IN -Duser.language=en -Duser.variant 
java_command: org.gradle.launcher.daemon.bootstrap.GradleDaemon 5.4.1
java_class_path (initial): C:\Users\kadar\.gradle\wrapper\dists\gradle-5.4.1-bin\e75iq110yv9r9wt1a6619x2xm\gradle-5.4.1\lib\gradle-launcher-5.4.1.jar
Launcher Type: SUN_STANDARD

Environment Variables:
PATH=C:\Python38\Scripts\;C:\Python38\;C:\ProgramData\Oracle\Java\.oracle_jre_usage;C:\WINDOWS\system32;C:\WINDOWS;C:\WINDOWS\System32\Wbem;C:\WINDOWS\System32\WindowsPowerShell\v1.0\;C:\WINDOWS\System32\OpenSSH\;C:\Program Files\Git\cmd;C:\Program Files\Git\mingw64\bin;C:\Program Files\Git\usr\bin;C:\Users\kadar\AppData\Local\Microsoft\WindowsApps
USERNAME=Shivangi
OS=Windows_NT
PROCESSOR_IDENTIFIER=Intel64 Family 6 Model 58 Stepping 9, GenuineIntel



---------------  S Y S T E M  ---------------

OS: Windows 10.0 , 64 bit Build 18362 (10.0.18362.329)

CPU:total 8 (initial active 8) (4 cores per cpu, 2 threads per core) family 6 model 58 stepping 9, cmov, cx8, fxsr, mmx, sse, sse2, sse3, ssse3, sse4.1, sse4.2, popcnt, avx, aes, clmul, erms, ht, tsc, tscinvbit, tscinv

Memory: 4k page, physical 8334620k(717004k free), swap 9383196k(872k free)

vm_info: OpenJDK 64-Bit Server VM (25.202-b03) for windows-amd64 JRE (1.8.0_202-release-1483-b03), built by "builder" with MS VC++ 10.0 (VS2010)

time: Fri Mar 13 18:20:13 2020
timezone: India Standard Time
elapsed time: 2289 seconds (0d 0h 38m 9s)

